<?xml version="1.0" encoding="UTF-8"?>
<!-- Generated by org.testng.reporters.JUnitXMLReporter -->
<testsuite hostname="DESKTOP-2T9SIIM" failures="0" tests="6" name="Command line test" time="143.283" errors="0" timestamp="24 May 2023 17:13:11 GMT">
  <testcase classname="firstSeleniumTests.newDonateTestCases" name="BillPay" time="8.609"/>
  <testcase classname="firstSeleniumTests.newDonateTestCases" name="Location" time="18.238"/>
  <testcase classname="firstSeleniumTests.newDonateTestCases" name="PriceTransparencyTest" time="9.353"/>
  <testcase classname="firstSeleniumTests.newDonateTestCases" name="dontepageTest" time="13.347"/>
  <testcase classname="firstSeleniumTests.newDonateTestCases" name="testCareesrTestCase" time="20.821"/>
  <testcase classname="firstSeleniumTests.newDonateTestCases" name="testSpecialtyCare" time="19.82"/>
</testsuite> <!-- Command line test -->
